<?xml version="1.0" encoding="UTF-8"?>
<testsuite xmlns:xsi="http://www.w3.org/2001/XMLSchema-instance" xsi:noNamespaceSchemaLocation="https://maven.apache.org/surefire/maven-failsafe-plugin/xsd/failsafe-test-report-3.0.xsd" version="3.0" name="com.proyecto.runners.CalculatorRunner" time="65.488" tests="1" errors="1" skipped="0" failures="0">
  <properties>
[...]
</properties>
  <testcase name="Suma básica de dos números en la app nativa" classname="Operaciones matemáticas con la Calculadora" time="64.76">
    <error message="Could not instantiate class org.openqa.selenium.remote.RemoteWebDriver" type="net.thucydides.core.webdriver.DriverConfigurationError"><![CDATA[net.thucydides.core.webdriver.DriverConfigurationError: Could not instantiate class org.openqa.selenium.remote.RemoteWebDriver
	at net.thucydides.core.webdriver.WebDriverFacade.newDriverInstance(WebDriverFacade.java:193)
	at net.thucydides.core.webdriver.WebDriverFacade.newProxyDriver(WebDriverFacade.java:181)
	at net.thucydides.core.webdriver.WebDriverFacade.getProxiedDriver(WebDriverFacade.java:132)
	at com.proyecto.stepdefinitions.CalculatorStepDefinitions.ellaSumaMas(CalculatorStepDefinitions.java:53)
	at ✽.ella suma "5" más "4"(classpath:features/calculator.feature:10)
Caused by: net.thucydides.core.webdriver.DriverConfigurationError: After several attempts, could not instantiate new WebDriver instance of type class org.openqa.selenium.remote.RemoteWebDriver (Could not start a new session. Possible causes are invalid address of the remote server or browser start-up failure. 
Host info: host: 'mac.lan', ip: 'fd4c:c0c2:975:14f9:823:9fa1:3a01:2f32%en0'
Build info: version: '4.33.0', revision: '2c6aaad03a'
System info: os.name: 'Mac OS X', os.arch: 'aarch64', os.version: '26.2', java.version: '17.0.18'
Driver info: org.openqa.selenium.remote.RemoteWebDriver
Command: [null, newSession {capabilities=[Capabilities {appium:appActivity: com.android.calculator2.Cal..., appium:appPackage: com.google.android.calculator, appium:deviceName: Pixel 7, appium:platformVersion: 13, lt:options: {accessKey: LT_2bwpfzTHsNblyFBf50ALByr5..., build: Serenity Calculator Appium ..., isRealMobile: true, name: Prueba de Calculadora en An..., plugin: java-junit, user: czamoranomercantilbanco, w3c: true}, platformName: ANDROID}]}]
Capabilities {appium:appActivity: com.android.calculator2.Cal..., appium:appPackage: com.google.android.calculator, appium:deviceName: Pixel 7, appium:platformVersion: 13, lt:options: {accessKey: LT_2bwpfzTHsNblyFBf50ALByr5..., build: Serenity Calculator Appium ..., isRealMobile: true, name: Prueba de Calculadora en An..., plugin: java-junit, user: czamoranomercantilbanco, w3c: true}, platformName: ANDROID}). See below for more details.
	at net.thucydides.core.webdriver.WebDriverFactory.waitThenRetry(WebDriverFactory.java:187)
	at net.thucydides.core.webdriver.WebDriverFactory.waitThenRetry(WebDriverFactory.java:197)
	at net.thucydides.core.webdriver.WebDriverFactory.waitThenRetry(WebDriverFactory.java:197)
	at net.thucydides.core.webdriver.WebDriverFactory.waitThenRetry(WebDriverFactory.java:197)
	at net.thucydides.core.webdriver.WebDriverFactory.waitThenRetry(WebDriverFactory.java:197)
	at net.thucydides.core.webdriver.WebDriverFactory.waitThenRetry(WebDriverFactory.java:197)
	at net.thucydides.core.webdriver.WebDriverFactory.waitThenRetry(WebDriverFactory.java:197)
	at net.thucydides.core.webdriver.WebDriverFactory.waitThenRetry(WebDriverFactory.java:173)
	at net.thucydides.core.webdriver.WebDriverFactory.newWebdriverInstance(WebDriverFactory.java:146)
	at net.thucydides.core.webdriver.WebDriverFacade.newDriverInstance(WebDriverFacade.java:190)
	... 4 more
Caused by: org.openqa.selenium.SessionNotCreatedException: Could not start a new session. Possible causes are invalid address of the remote server or browser start-up failure. 
Host info: host: 'mac.lan', ip: 'fd4c:c0c2:975:14f9:823:9fa1:3a01:2f32%en0'
Build info: version: '4.33.0', revision: '2c6aaad03a'
System info: os.name: 'Mac OS X', os.arch: 'aarch64', os.version: '26.2', java.version: '17.0.18'
Driver info: org.openqa.selenium.remote.RemoteWebDriver
Command: [null, newSession {capabilities=[Capabilities {appium:appActivity: com.android.calculator2.Cal..., appium:appPackage: com.google.android.calculator, appium:deviceName: Pixel 7, appium:platformVersion: 13, lt:options: {accessKey: LT_2bwpfzTHsNblyFBf50ALByr5..., build: Serenity Calculator Appium ..., isRealMobile: true, name: Prueba de Calculadora en An..., plugin: java-junit, user: czamoranomercantilbanco, w3c: true}, platformName: ANDROID}]}]
Capabilities {appium:appActivity: com.android.calculator2.Cal..., appium:appPackage: com.google.android.calculator, appium:deviceName: Pixel 7, appium:platformVersion: 13, lt:options: {accessKey: LT_2bwpfzTHsNblyFBf50ALByr5..., build: Serenity Calculator Appium ..., isRealMobile: true, name: Prueba de Calculadora en An..., plugin: java-junit, user: czamoranomercantilbanco, w3c: true}, platformName: ANDROID}
	at org.openqa.selenium.remote.RemoteWebDriver.execute(RemoteWebDriver.java:562)
	at org.openqa.selenium.remote.RemoteWebDriver.startSession(RemoteWebDriver.java:244)
	at org.openqa.selenium.remote.RemoteWebDriver.<init>(RemoteWebDriver.java:173)
	at org.openqa.selenium.remote.RemoteWebDriver.<init>(RemoteWebDriver.java:151)
	at net.serenitybdd.core.webdriver.driverproviders.RemoteDriverProvider.newInstance(RemoteDriverProvider.java:86)
	at net.thucydides.core.webdriver.WebDriverFactory.createWebDriver(WebDriverFactory.java:156)
	at net.thucydides.core.webdriver.WebDriverFactory.waitThenRetry(WebDriverFactory.java:193)
	... 12 more
Caused by: java.io.UncheckedIOException: java.io.IOException: WWW-Authenticate header missing for response code 401
	at org.openqa.selenium.remote.http.jdk.JdkHttpClient.execute0(JdkHttpClient.java:500)
	at org.openqa.selenium.remote.http.AddSeleniumUserAgent.lambda$apply$0(AddSeleniumUserAgent.java:42)
	at org.openqa.selenium.remote.http.Filter.lambda$andFinally$1(Filter.java:55)
	at org.openqa.selenium.remote.http.jdk.JdkHttpClient.lambda$executeAsync$2(JdkHttpClient.java:387)
	at java.base/java.util.concurrent.Executors$RunnableAdapter.call(Executors.java:539)
	at java.base/java.util.concurrent.FutureTask.run(FutureTask.java:264)
	at java.base/java.util.concurrent.ThreadPoolExecutor.runWorker(ThreadPoolExecutor.java:1136)
	at java.base/java.util.concurrent.ThreadPoolExecutor$Worker.run(ThreadPoolExecutor.java:635)
	at java.base/java.lang.Thread.run(Thread.java:840)
Caused by: java.io.IOException: WWW-Authenticate header missing for response code 401
	at java.net.http/jdk.internal.net.http.HttpClientImpl.send(HttpClientImpl.java:917)
	at java.net.http/jdk.internal.net.http.HttpClientFacade.send(HttpClientFacade.java:133)
	at org.openqa.selenium.remote.http.jdk.JdkHttpClient.execute0(JdkHttpClient.java:459)
	... 8 more
Caused by: java.io.IOException: WWW-Authenticate header missing for response code 401
	at java.net.http/jdk.internal.net.http.AuthenticationFilter.response(AuthenticationFilter.java:271)
	at java.net.http/jdk.internal.net.http.MultiExchange.responseFilters(MultiExchange.java:249)
	at java.net.http/jdk.internal.net.http.MultiExchange.lambda$responseAsyncImpl$6(MultiExchange.java:435)
	at java.base/java.util.concurrent.CompletableFuture$UniCompose.tryFire(CompletableFuture.java:1150)
	at java.base/java.util.concurrent.CompletableFuture.postComplete(CompletableFuture.java:510)
	at java.base/java.util.concurrent.CompletableFuture.postFire(CompletableFuture.java:614)
	at java.base/java.util.concurrent.CompletableFuture$UniApply.tryFire(CompletableFuture.java:653)
	at java.base/java.util.concurrent.CompletableFuture$Completion.run(CompletableFuture.java:482)
	at java.net.http/jdk.internal.net.http.HttpClientImpl$DelegatingExecutor.execute(HttpClientImpl.java:174)
	at java.base/java.util.concurrent.CompletableFuture$UniCompletion.claim(CompletableFuture.java:572)
	at java.base/java.util.concurrent.CompletableFuture$UniApply.tryFire(CompletableFuture.java:642)
	at java.base/java.util.concurrent.CompletableFuture.postComplete(CompletableFuture.java:510)
	at java.base/java.util.concurrent.CompletableFuture.complete(CompletableFuture.java:2147)
	at java.net.http/jdk.internal.net.http.Http1Response$HeadersReader.handle(Http1Response.java:594)
	at java.net.http/jdk.internal.net.http.Http1Response$HeadersReader.handle(Http1Response.java:520)
	at java.net.http/jdk.internal.net.http.Http1Response$Receiver.accept(Http1Response.java:511)
	at java.net.http/jdk.internal.net.http.Http1Response$HeadersReader.tryAsyncReceive(Http1Response.java:567)
	at java.net.http/jdk.internal.net.http.Http1AsyncReceiver.flush(Http1AsyncReceiver.java:233)
	at java.net.http/jdk.internal.net.http.common.SequentialScheduler$LockingRestartableTask.run(SequentialScheduler.java:205)
	at java.net.http/jdk.internal.net.http.common.SequentialScheduler$CompleteRestartableTask.run(SequentialScheduler.java:149)
	at java.net.http/jdk.internal.net.http.common.SequentialScheduler$SchedulableTask.run(SequentialScheduler.java:230)
	at java.net.http/jdk.internal.net.http.HttpClientImpl$DelegatingExecutor.execute(HttpClientImpl.java:174)
	at java.net.http/jdk.internal.net.http.common.SequentialScheduler.runOrSchedule(SequentialScheduler.java:305)
	at java.net.http/jdk.internal.net.http.common.SequentialScheduler.runOrSchedule(SequentialScheduler.java:274)
	at java.net.http/jdk.internal.net.http.Http1AsyncReceiver.asyncReceive(Http1AsyncReceiver.java:464)
	at java.net.http/jdk.internal.net.http.Http1AsyncReceiver$Http1TubeSubscriber.onNext(Http1AsyncReceiver.java:585)
	at java.net.http/jdk.internal.net.http.Http1AsyncReceiver$Http1TubeSubscriber.onNext(Http1AsyncReceiver.java:542)
	at java.net.http/jdk.internal.net.http.common.SSLTube$DelegateWrapper.onNext(SSLTube.java:210)
	at java.net.http/jdk.internal.net.http.common.SSLTube$SSLSubscriberWrapper.onNext(SSLTube.java:492)
	at java.net.http/jdk.internal.net.http.common.SSLTube$SSLSubscriberWrapper.onNext(SSLTube.java:295)
	at java.net.http/jdk.internal.net.http.common.SubscriberWrapper$DownstreamPusher.run1(SubscriberWrapper.java:316)
	at java.net.http/jdk.internal.net.http.common.SubscriberWrapper$DownstreamPusher.run(SubscriberWrapper.java:259)
	at java.net.http/jdk.internal.net.http.common.SequentialScheduler$LockingRestartableTask.run(SequentialScheduler.java:205)
	at java.net.http/jdk.internal.net.http.common.SequentialScheduler$CompleteRestartableTask.run(SequentialScheduler.java:149)
	at java.net.http/jdk.internal.net.http.common.SequentialScheduler$SchedulableTask.run(SequentialScheduler.java:230)
	at java.net.http/jdk.internal.net.http.common.SequentialScheduler.runOrSchedule(SequentialScheduler.java:303)
	at java.net.http/jdk.internal.net.http.common.SequentialScheduler.runOrSchedule(SequentialScheduler.java:256)
	at java.net.http/jdk.internal.net.http.common.SubscriberWrapper.outgoing(SubscriberWrapper.java:232)
	at java.net.http/jdk.internal.net.http.common.SubscriberWrapper.outgoing(SubscriberWrapper.java:198)
	at java.net.http/jdk.internal.net.http.common.SSLFlowDelegate$Reader.processData(SSLFlowDelegate.java:458)
	at java.net.http/jdk.internal.net.http.common.SSLFlowDelegate$Reader$ReaderDownstreamPusher.run(SSLFlowDelegate.java:282)
	at java.net.http/jdk.internal.net.http.common.SequentialScheduler$LockingRestartableTask.run(SequentialScheduler.java:205)
	at java.net.http/jdk.internal.net.http.common.SequentialScheduler$CompleteRestartableTask.run(SequentialScheduler.java:149)
	at java.net.http/jdk.internal.net.http.common.SequentialScheduler$SchedulableTask.run(SequentialScheduler.java:230)
	... 3 more
]]></error>
    <system-out><![CDATA[
Escenario: Suma básica de dos números en la app nativa &amp#27;[90m# features/calculator.feature:8&amp#27;[0m
FAILED TO GET PROXIED DRIVER: Could not instantiate class org.openqa.selenium.remote.RemoteWebDriver
  &amp#27;[32mDado &amp#27;[0m&amp#27;[32mque &amp#27;[0m&amp#27;[32m&amp#27;[1m"Ana"&amp#27;[0m&amp#27;[32m abre la calculadora&amp#27;[0m                   &amp#27;[90m# com.proyecto.stepdefinitions.CalculatorStepDefinitions.queAbreLaCalculadora(java.lang.String)&amp#27;[0m
  &amp#27;[31mCuando &amp#27;[0m&amp#27;[31mella suma &amp#27;[0m&amp#27;[31m&amp#27;[1m"5"&amp#27;[0m&amp#27;[31m más &amp#27;[0m&amp#27;[31m&amp#27;[1m"4"&amp#27;[0m                         &amp#27;[90m# com.proyecto.stepdefinitions.CalculatorStepDefinitions.ellaSumaMas(java.lang.String,java.lang.String)&amp#27;[0m
      &amp#27;[31mnet.thucydides.core.webdriver.DriverConfigurationError: Could not instantiate class org.openqa.selenium.remote.RemoteWebDriver
      	at net.thucydides.core.webdriver.WebDriverFacade.newDriverInstance(WebDriverFacade.java:193)
      	at net.thucydides.core.webdriver.WebDriverFacade.newProxyDriver(WebDriverFacade.java:181)
      	at net.thucydides.core.webdriver.WebDriverFacade.getProxiedDriver(WebDriverFacade.java:132)
      	at com.proyecto.stepdefinitions.CalculatorStepDefinitions.ellaSumaMas(CalculatorStepDefinitions.java:53)
      	at ✽.ella suma "5" más "4"(classpath:features/calculator.feature:10)
      Caused by: net.thucydides.core.webdriver.DriverConfigurationError: After several attempts, could not instantiate new WebDriver instance of type class org.openqa.selenium.remote.RemoteWebDriver (Could not start a new session. Possible causes are invalid address of the remote server or browser start-up failure. 
      Host info: host: 'mac.lan', ip: 'fd4c:c0c2:975:14f9:823:9fa1:3a01:2f32%en0'
      Build info: version: '4.33.0', revision: '2c6aaad03a'
      System info: os.name: 'Mac OS X', os.arch: 'aarch64', os.version: '26.2', java.version: '17.0.18'
      Driver info: org.openqa.selenium.remote.RemoteWebDriver
      Command: [null, newSession {capabilities=[Capabilities {appium:appActivity: com.android.calculator2.Cal..., appium:appPackage: com.google.android.calculator, appium:deviceName: Pixel 7, appium:platformVersion: 13, lt:options: {accessKey: LT_2bwpfzTHsNblyFBf50ALByr5..., build: Serenity Calculator Appium ..., isRealMobile: true, name: Prueba de Calculadora en An..., plugin: java-junit, user: czamoranomercantilbanco, w3c: true}, platformName: ANDROID}]}]
      Capabilities {appium:appActivity: com.android.calculator2.Cal..., appium:appPackage: com.google.android.calculator, appium:deviceName: Pixel 7, appium:platformVersion: 13, lt:options: {accessKey: LT_2bwpfzTHsNblyFBf50ALByr5..., build: Serenity Calculator Appium ..., isRealMobile: true, name: Prueba de Calculadora en An..., plugin: java-junit, user: czamoranomercantilbanco, w3c: true}, platformName: ANDROID}). See below for more details.
      	at net.thucydides.core.webdriver.WebDriverFactory.waitThenRetry(WebDriverFactory.java:187)
      	at net.thucydides.core.webdriver.WebDriverFactory.waitThenRetry(WebDriverFactory.java:197)
      	at net.thucydides.core.webdriver.WebDriverFactory.waitThenRetry(WebDriverFactory.java:197)
      	at net.thucydides.core.webdriver.WebDriverFactory.waitThenRetry(WebDriverFactory.java:197)
      	at net.thucydides.core.webdriver.WebDriverFactory.waitThenRetry(WebDriverFactory.java:197)
      	at net.thucydides.core.webdriver.WebDriverFactory.waitThenRetry(WebDriverFactory.java:197)
      	at net.thucydides.core.webdriver.WebDriverFactory.waitThenRetry(WebDriverFactory.java:197)
      	at net.thucydides.core.webdriver.WebDriverFactory.waitThenRetry(WebDriverFactory.java:173)
      	at net.thucydides.core.webdriver.WebDriverFactory.newWebdriverInstance(WebDriverFactory.java:146)
      	at net.thucydides.core.webdriver.WebDriverFacade.newDriverInstance(WebDriverFacade.java:190)
      	... 4 more
      Caused by: org.openqa.selenium.SessionNotCreatedException: Could not start a new session. Possible causes are invalid address of the remote server or browser start-up failure. 
      Host info: host: 'mac.lan', ip: 'fd4c:c0c2:975:14f9:823:9fa1:3a01:2f32%en0'
      Build info: version: '4.33.0', revision: '2c6aaad03a'
      System info: os.name: 'Mac OS X', os.arch: 'aarch64', os.version: '26.2', java.version: '17.0.18'
      Driver info: org.openqa.selenium.remote.RemoteWebDriver
      Command: [null, newSession {capabilities=[Capabilities {appium:appActivity: com.android.calculator2.Cal..., appium:appPackage: com.google.android.calculator, appium:deviceName: Pixel 7, appium:platformVersion: 13, lt:options: {accessKey: LT_2bwpfzTHsNblyFBf50ALByr5..., build: Serenity Calculator Appium ..., isRealMobile: true, name: Prueba de Calculadora en An..., plugin: java-junit, user: czamoranomercantilbanco, w3c: true}, platformName: ANDROID}]}]
      Capabilities {appium:appActivity: com.android.calculator2.Cal..., appium:appPackage: com.google.android.calculator, appium:deviceName: Pixel 7, appium:platformVersion: 13, lt:options: {accessKey: LT_2bwpfzTHsNblyFBf50ALByr5..., build: Serenity Calculator Appium ..., isRealMobile: true, name: Prueba de Calculadora en An..., plugin: java-junit, user: czamoranomercantilbanco, w3c: true}, platformName: ANDROID}
      	at org.openqa.selenium.remote.RemoteWebDriver.execute(RemoteWebDriver.java:562)
      	at org.openqa.selenium.remote.RemoteWebDriver.startSession(RemoteWebDriver.java:244)
      	at org.openqa.selenium.remote.RemoteWebDriver.<init>(RemoteWebDriver.java:173)
      	at org.openqa.selenium.remote.RemoteWebDriver.<init>(RemoteWebDriver.java:151)
      	at net.serenitybdd.core.webdriver.driverproviders.RemoteDriverProvider.newInstance(RemoteDriverProvider.java:86)
      	at net.thucydides.core.webdriver.WebDriverFactory.createWebDriver(WebDriverFactory.java:156)
      	at net.thucydides.core.webdriver.WebDriverFactory.waitThenRetry(WebDriverFactory.java:193)
      	... 12 more
      Caused by: java.io.UncheckedIOException: java.io.IOException: WWW-Authenticate header missing for response code 401
      	at org.openqa.selenium.remote.http.jdk.JdkHttpClient.execute0(JdkHttpClient.java:500)
      	at org.openqa.selenium.remote.http.AddSeleniumUserAgent.lambda$apply$0(AddSeleniumUserAgent.java:42)
      	at org.openqa.selenium.remote.http.Filter.lambda$andFinally$1(Filter.java:55)
      	at org.openqa.selenium.remote.http.jdk.JdkHttpClient.lambda$executeAsync$2(JdkHttpClient.java:387)
      	at java.base/java.util.concurrent.Executors$RunnableAdapter.call(Executors.java:539)
      	at java.base/java.util.concurrent.FutureTask.run(FutureTask.java:264)
      	at java.base/java.util.concurrent.ThreadPoolExecutor.runWorker(ThreadPoolExecutor.java:1136)
      	at java.base/java.util.concurrent.ThreadPoolExecutor$Worker.run(ThreadPoolExecutor.java:635)
      	at java.base/java.lang.Thread.run(Thread.java:840)
      Caused by: java.io.IOException: WWW-Authenticate header missing for response code 401
      	at java.net.http/jdk.internal.net.http.HttpClientImpl.send(HttpClientImpl.java:917)
      	at java.net.http/jdk.internal.net.http.HttpClientFacade.send(HttpClientFacade.java:133)
      	at org.openqa.selenium.remote.http.jdk.JdkHttpClient.execute0(JdkHttpClient.java:459)
      	... 8 more
      Caused by: java.io.IOException: WWW-Authenticate header missing for response code 401
      	at java.net.http/jdk.internal.net.http.AuthenticationFilter.response(AuthenticationFilter.java:271)
      	at java.net.http/jdk.internal.net.http.MultiExchange.responseFilters(MultiExchange.java:249)
      	at java.net.http/jdk.internal.net.http.MultiExchange.lambda$responseAsyncImpl$6(MultiExchange.java:435)
      	at java.base/java.util.concurrent.CompletableFuture$UniCompose.tryFire(CompletableFuture.java:1150)
      	at java.base/java.util.concurrent.CompletableFuture.postComplete(CompletableFuture.java:510)
      	at java.base/java.util.concurrent.CompletableFuture.postFire(CompletableFuture.java:614)
      	at java.base/java.util.concurrent.CompletableFuture$UniApply.tryFire(CompletableFuture.java:653)
      	at java.base/java.util.concurrent.CompletableFuture$Completion.run(CompletableFuture.java:482)
      	at java.net.http/jdk.internal.net.http.HttpClientImpl$DelegatingExecutor.execute(HttpClientImpl.java:174)
      	at java.base/java.util.concurrent.CompletableFuture$UniCompletion.claim(CompletableFuture.java:572)
      	at java.base/java.util.concurrent.CompletableFuture$UniApply.tryFire(CompletableFuture.java:642)
      	at java.base/java.util.concurrent.CompletableFuture.postComplete(CompletableFuture.java:510)
      	at java.base/java.util.concurrent.CompletableFuture.complete(CompletableFuture.java:2147)
      	at java.net.http/jdk.internal.net.http.Http1Response$HeadersReader.handle(Http1Response.java:594)
      	at java.net.http/jdk.internal.net.http.Http1Response$HeadersReader.handle(Http1Response.java:520)
      	at java.net.http/jdk.internal.net.http.Http1Response$Receiver.accept(Http1Response.java:511)
      	at java.net.http/jdk.internal.net.http.Http1Response$HeadersReader.tryAsyncReceive(Http1Response.java:567)
      	at java.net.http/jdk.internal.net.http.Http1AsyncReceiver.flush(Http1AsyncReceiver.java:233)
      	at java.net.http/jdk.internal.net.http.common.SequentialScheduler$LockingRestartableTask.run(SequentialScheduler.java:205)
      	at java.net.http/jdk.internal.net.http.common.SequentialScheduler$CompleteRestartableTask.run(SequentialScheduler.java:149)
      	at java.net.http/jdk.internal.net.http.common.SequentialScheduler$SchedulableTask.run(SequentialScheduler.java:230)
      	at java.net.http/jdk.internal.net.http.HttpClientImpl$DelegatingExecutor.execute(HttpClientImpl.java:174)
      	at java.net.http/jdk.internal.net.http.common.SequentialScheduler.runOrSchedule(SequentialScheduler.java:305)
      	at java.net.http/jdk.internal.net.http.common.SequentialScheduler.runOrSchedule(SequentialScheduler.java:274)
      	at java.net.http/jdk.internal.net.http.Http1AsyncReceiver.asyncReceive(Http1AsyncReceiver.java:464)
      	at java.net.http/jdk.internal.net.http.Http1AsyncReceiver$Http1TubeSubscriber.onNext(Http1AsyncReceiver.java:585)
      	at java.net.http/jdk.internal.net.http.Http1AsyncReceiver$Http1TubeSubscriber.onNext(Http1AsyncReceiver.java:542)
      	at java.net.http/jdk.internal.net.http.common.SSLTube$DelegateWrapper.onNext(SSLTube.java:210)
      	at java.net.http/jdk.internal.net.http.common.SSLTube$SSLSubscriberWrapper.onNext(SSLTube.java:492)
      	at java.net.http/jdk.internal.net.http.common.SSLTube$SSLSubscriberWrapper.onNext(SSLTube.java:295)
      	at java.net.http/jdk.internal.net.http.common.SubscriberWrapper$DownstreamPusher.run1(SubscriberWrapper.java:316)
      	at java.net.http/jdk.internal.net.http.common.SubscriberWrapper$DownstreamPusher.run(SubscriberWrapper.java:259)
      	at java.net.http/jdk.internal.net.http.common.SequentialScheduler$LockingRestartableTask.run(SequentialScheduler.java:205)
      	at java.net.http/jdk.internal.net.http.common.SequentialScheduler$CompleteRestartableTask.run(SequentialScheduler.java:149)
      	at java.net.http/jdk.internal.net.http.common.SequentialScheduler$SchedulableTask.run(SequentialScheduler.java:230)
      	at java.net.http/jdk.internal.net.http.common.SequentialScheduler.runOrSchedule(SequentialScheduler.java:303)
      	at java.net.http/jdk.internal.net.http.common.SequentialScheduler.runOrSchedule(SequentialScheduler.java:256)
      	at java.net.http/jdk.internal.net.http.common.SubscriberWrapper.outgoing(SubscriberWrapper.java:232)
      	at java.net.http/jdk.internal.net.http.common.SubscriberWrapper.outgoing(SubscriberWrapper.java:198)
      	at java.net.http/jdk.internal.net.http.common.SSLFlowDelegate$Reader.processData(SSLFlowDelegate.java:458)
      	at java.net.http/jdk.internal.net.http.common.SSLFlowDelegate$Reader$ReaderDownstreamPusher.run(SSLFlowDelegate.java:282)
      	at java.net.http/jdk.internal.net.http.common.SequentialScheduler$LockingRestartableTask.run(SequentialScheduler.java:205)
      	at java.net.http/jdk.internal.net.http.common.SequentialScheduler$CompleteRestartableTask.run(SequentialScheduler.java:149)
      	at java.net.http/jdk.internal.net.http.common.SequentialScheduler$SchedulableTask.run(SequentialScheduler.java:230)
      	... 3 more&amp#27;[0m
  &amp#27;[36mEntonces &amp#27;[0m&amp#27;[36mel resultado que ella debería ver es &amp#27;[0m&amp#27;[36m&amp#27;[1m"9"&amp#27;[0m    &amp#27;[90m# com.proyecto.stepdefinitions.CalculatorStepDefinitions.elResultadoQueEllaDeberiaVerEs(java.lang.String)&amp#27;[0m
]]></system-out>
    <system-err><![CDATA[SLF4J(W): No SLF4J providers were found.
SLF4J(W): Defaulting to no-operation (NOP) logger implementation
SLF4J(W): See https://www.slf4j.org/codes.html#noProviders for further details.
feb. 23, 2026 10:58:40 P. M. org.openqa.selenium.remote.tracing.opentelemetry.OpenTelemetryTracer createTracer
INFORMACIÓN: Using OpenTelemetry for tracing
net.thucydides.core.webdriver.DriverConfigurationError: Could not instantiate class org.openqa.selenium.remote.RemoteWebDriver
	at net.thucydides.core.webdriver.WebDriverFacade.newDriverInstance(WebDriverFacade.java:193)
	at net.thucydides.core.webdriver.WebDriverFacade.newProxyDriver(WebDriverFacade.java:181)
	at net.thucydides.core.webdriver.WebDriverFacade.getProxiedDriver(WebDriverFacade.java:132)
	at com.proyecto.stepdefinitions.CalculatorStepDefinitions.queAbreLaCalculadora(CalculatorStepDefinitions.java:37)
	at java.base/jdk.internal.reflect.NativeMethodAccessorImpl.invoke0(Native Method)
	at java.base/jdk.internal.reflect.NativeMethodAccessorImpl.invoke(NativeMethodAccessorImpl.java:77)
	at java.base/jdk.internal.reflect.DelegatingMethodAccessorImpl.invoke(DelegatingMethodAccessorImpl.java:43)
	at java.base/java.lang.reflect.Method.invoke(Method.java:569)
	at io.cucumber.java.Invoker.doInvoke(Invoker.java:66)
	at io.cucumber.java.Invoker.invoke(Invoker.java:24)
	at io.cucumber.java.AbstractGlueDefinition.invokeMethod(AbstractGlueDefinition.java:47)
	at io.cucumber.java.JavaStepDefinition.execute(JavaStepDefinition.java:29)
	at io.cucumber.core.runner.CoreStepDefinition.execute(CoreStepDefinition.java:66)
	at io.cucumber.core.runner.PickleStepDefinitionMatch.runStep(PickleStepDefinitionMatch.java:62)
	at io.cucumber.core.runner.ExecutionMode$1.execute(ExecutionMode.java:10)
	at io.cucumber.core.runner.TestStep.executeStep(TestStep.java:81)
	at io.cucumber.core.runner.TestStep.run(TestStep.java:53)
	at io.cucumber.core.runner.PickleStepTestStep.run(PickleStepTestStep.java:51)
	at io.cucumber.core.runner.TestCase.run(TestCase.java:86)
	at io.cucumber.core.runner.Runner.runPickle(Runner.java:77)
	at io.cucumber.junit.platform.engine.CucumberEngineExecutionContext.lambda$runTestCase$4(CucumberEngineExecutionContext.java:112)
	at io.cucumber.core.runtime.CucumberExecutionContext.lambda$runTestCase$5(CucumberExecutionContext.java:136)
	at io.cucumber.core.runtime.RethrowingThrowableCollector.executeAndThrow(RethrowingThrowableCollector.java:23)
	at io.cucumber.core.runtime.CucumberExecutionContext.runTestCase(CucumberExecutionContext.java:136)
	at io.cucumber.junit.platform.engine.CucumberEngineExecutionContext.runTestCase(CucumberEngineExecutionContext.java:109)
	at io.cucumber.junit.platform.engine.NodeDescriptor$PickleDescriptor.execute(NodeDescriptor.java:168)
	at io.cucumber.junit.platform.engine.NodeDescriptor$PickleDescriptor.execute(NodeDescriptor.java:90)
	at org.junit.platform.engine.support.hierarchical.NodeTestTask.lambda$executeRecursively$6(NodeTestTask.java:151)
	at org.junit.platform.engine.support.hierarchical.ThrowableCollector.execute(ThrowableCollector.java:73)
	at org.junit.platform.engine.support.hierarchical.NodeTestTask.lambda$executeRecursively$8(NodeTestTask.java:141)
	at org.junit.platform.engine.support.hierarchical.Node.around(Node.java:137)
	at org.junit.platform.engine.support.hierarchical.NodeTestTask.lambda$executeRecursively$9(NodeTestTask.java:139)
	at org.junit.platform.engine.support.hierarchical.ThrowableCollector.execute(ThrowableCollector.java:73)
	at org.junit.platform.engine.support.hierarchical.NodeTestTask.executeRecursively(NodeTestTask.java:138)
	at org.junit.platform.engine.support.hierarchical.NodeTestTask.execute(NodeTestTask.java:95)
	at java.base/java.util.ArrayList.forEach(ArrayList.java:1511)
	at org.junit.platform.engine.support.hierarchical.SameThreadHierarchicalTestExecutorService.invokeAll(SameThreadHierarchicalTestExecutorService.java:41)
	at org.junit.platform.engine.support.hierarchical.NodeTestTask.lambda$executeRecursively$6(NodeTestTask.java:155)
	at org.junit.platform.engine.support.hierarchical.ThrowableCollector.execute(ThrowableCollector.java:73)
	at org.junit.platform.engine.support.hierarchical.NodeTestTask.lambda$executeRecursively$8(NodeTestTask.java:141)
	at org.junit.platform.engine.support.hierarchical.Node.around(Node.java:137)
	at org.junit.platform.engine.support.hierarchical.NodeTestTask.lambda$executeRecursively$9(NodeTestTask.java:139)
	at org.junit.platform.engine.support.hierarchical.ThrowableCollector.execute(ThrowableCollector.java:73)
	at org.junit.platform.engine.support.hierarchical.NodeTestTask.executeRecursively(NodeTestTask.java:138)
	at org.junit.platform.engine.support.hierarchical.NodeTestTask.execute(NodeTestTask.java:95)
	at java.base/java.util.ArrayList.forEach(ArrayList.java:1511)
	at org.junit.platform.engine.support.hierarchical.SameThreadHierarchicalTestExecutorService.invokeAll(SameThreadHierarchicalTestExecutorService.java:41)
	at org.junit.platform.engine.support.hierarchical.NodeTestTask.lambda$executeRecursively$6(NodeTestTask.java:155)
	at org.junit.platform.engine.support.hierarchical.ThrowableCollector.execute(ThrowableCollector.java:73)
	at org.junit.platform.engine.support.hierarchical.NodeTestTask.lambda$executeRecursively$8(NodeTestTask.java:141)
	at org.junit.platform.engine.support.hierarchical.Node.around(Node.java:137)
	at org.junit.platform.engine.support.hierarchical.NodeTestTask.lambda$executeRecursively$9(NodeTestTask.java:139)
	at org.junit.platform.engine.support.hierarchical.ThrowableCollector.execute(ThrowableCollector.java:73)
	at org.junit.platform.engine.support.hierarchical.NodeTestTask.executeRecursively(NodeTestTask.java:138)
	at org.junit.platform.engine.support.hierarchical.NodeTestTask.execute(NodeTestTask.java:95)
	at org.junit.platform.engine.support.hierarchical.SameThreadHierarchicalTestExecutorService.submit(SameThreadHierarchicalTestExecutorService.java:35)
	at org.junit.platform.engine.support.hierarchical.HierarchicalTestExecutor.execute(HierarchicalTestExecutor.java:57)
	at org.junit.platform.engine.support.hierarchical.HierarchicalTestEngine.execute(HierarchicalTestEngine.java:54)
	at org.junit.platform.launcher.core.EngineExecutionOrchestrator.execute(EngineExecutionOrchestrator.java:198)
	at org.junit.platform.launcher.core.EngineExecutionOrchestrator.execute(EngineExecutionOrchestrator.java:169)
	at org.junit.platform.launcher.core.EngineExecutionOrchestrator.execute(EngineExecutionOrchestrator.java:93)
	at org.junit.platform.launcher.core.EngineExecutionOrchestrator.execute(EngineExecutionOrchestrator.java:76)
	at org.junit.platform.suite.engine.SuiteLauncher.execute(SuiteLauncher.java:63)
	at org.junit.platform.suite.engine.SuiteTestDescriptor.execute(SuiteTestDescriptor.java:128)
	at org.junit.platform.suite.engine.SuiteTestEngine.lambda$execute$0(SuiteTestEngine.java:73)
	at java.base/java.util.stream.ForEachOps$ForEachOp$OfRef.accept(ForEachOps.java:183)
	at java.base/java.util.stream.ReferencePipeline$3$1.accept(ReferencePipeline.java:197)
	at java.base/java.util.Iterator.forEachRemaining(Iterator.java:133)
	at java.base/java.util.Spliterators$IteratorSpliterator.forEachRemaining(Spliterators.java:1845)
	at java.base/java.util.stream.AbstractPipeline.copyInto(AbstractPipeline.java:509)
	at java.base/java.util.stream.AbstractPipeline.wrapAndCopyInto(AbstractPipeline.java:499)
	at java.base/java.util.stream.ForEachOps$ForEachOp.evaluateSequential(ForEachOps.java:150)
	at java.base/java.util.stream.ForEachOps$ForEachOp$OfRef.evaluateSequential(ForEachOps.java:173)
	at java.base/java.util.stream.AbstractPipeline.evaluate(AbstractPipeline.java:234)
	at java.base/java.util.stream.ReferencePipeline.forEach(ReferencePipeline.java:596)
	at org.junit.platform.suite.engine.SuiteTestEngine.execute(SuiteTestEngine.java:73)
	at org.junit.platform.launcher.core.EngineExecutionOrchestrator.execute(EngineExecutionOrchestrator.java:198)
	at org.junit.platform.launcher.core.EngineExecutionOrchestrator.execute(EngineExecutionOrchestrator.java:169)
	at org.junit.platform.launcher.core.EngineExecutionOrchestrator.execute(EngineExecutionOrchestrator.java:93)
	at org.junit.platform.launcher.core.EngineExecutionOrchestrator.lambda$execute$0(EngineExecutionOrchestrator.java:58)
	at org.junit.platform.launcher.core.EngineExecutionOrchestrator.withInterceptedStreams(EngineExecutionOrchestrator.java:141)
	at org.junit.platform.launcher.core.EngineExecutionOrchestrator.execute(EngineExecutionOrchestrator.java:57)
	at org.junit.platform.launcher.core.DefaultLauncher.execute(DefaultLauncher.java:103)
	at org.junit.platform.launcher.core.DefaultLauncher.execute(DefaultLauncher.java:85)
	at org.junit.platform.launcher.core.DelegatingLauncher.execute(DelegatingLauncher.java:47)
	at org.apache.maven.surefire.junitplatform.LazyLauncher.execute(LazyLauncher.java:56)
	at org.apache.maven.surefire.junitplatform.JUnitPlatformProvider.execute(JUnitPlatformProvider.java:184)
	at org.apache.maven.surefire.junitplatform.JUnitPlatformProvider.invokeAllTests(JUnitPlatformProvider.java:148)
	at org.apache.maven.surefire.junitplatform.JUnitPlatformProvider.invoke(JUnitPlatformProvider.java:122)
	at org.apache.maven.surefire.booter.ForkedBooter.runSuitesInProcess(ForkedBooter.java:385)
	at org.apache.maven.surefire.booter.ForkedBooter.execute(ForkedBooter.java:162)
	at org.apache.maven.surefire.booter.ForkedBooter.run(ForkedBooter.java:507)
	at org.apache.maven.surefire.booter.ForkedBooter.main(ForkedBooter.java:495)
Caused by: net.thucydides.core.webdriver.DriverConfigurationError: After several attempts, could not instantiate new WebDriver instance of type class org.openqa.selenium.remote.RemoteWebDriver (Could not start a new session. Possible causes are invalid address of the remote server or browser start-up failure. 
Host info: host: 'mac.lan', ip: 'fd4c:c0c2:975:14f9:823:9fa1:3a01:2f32%en0'
Build info: version: '4.33.0', revision: '2c6aaad03a'
System info: os.name: 'Mac OS X', os.arch: 'aarch64', os.version: '26.2', java.version: '17.0.18'
Driver info: org.openqa.selenium.remote.RemoteWebDriver
Command: [null, newSession {capabilities=[Capabilities {appium:appActivity: com.android.calculator2.Cal..., appium:appPackage: com.google.android.calculator, appium:deviceName: Pixel 7, appium:platformVersion: 13, lt:options: {accessKey: LT_2bwpfzTHsNblyFBf50ALByr5..., build: Serenity Calculator Appium ..., isRealMobile: true, name: Prueba de Calculadora en An..., plugin: java-junit, user: czamoranomercantilbanco, w3c: true}, platformName: ANDROID}]}]
Capabilities {appium:appActivity: com.android.calculator2.Cal..., appium:appPackage: com.google.android.calculator, appium:deviceName: Pixel 7, appium:platformVersion: 13, lt:options: {accessKey: LT_2bwpfzTHsNblyFBf50ALByr5..., build: Serenity Calculator Appium ..., isRealMobile: true, name: Prueba de Calculadora en An..., plugin: java-junit, user: czamoranomercantilbanco, w3c: true}, platformName: ANDROID}). See below for more details.
	at net.thucydides.core.webdriver.WebDriverFactory.waitThenRetry(WebDriverFactory.java:187)
	at net.thucydides.core.webdriver.WebDriverFactory.waitThenRetry(WebDriverFactory.java:197)
	at net.thucydides.core.webdriver.WebDriverFactory.waitThenRetry(WebDriverFactory.java:197)
	at net.thucydides.core.webdriver.WebDriverFactory.waitThenRetry(WebDriverFactory.java:197)
	at net.thucydides.core.webdriver.WebDriverFactory.waitThenRetry(WebDriverFactory.java:197)
	at net.thucydides.core.webdriver.WebDriverFactory.waitThenRetry(WebDriverFactory.java:197)
	at net.thucydides.core.webdriver.WebDriverFactory.waitThenRetry(WebDriverFactory.java:197)
	at net.thucydides.core.webdriver.WebDriverFactory.waitThenRetry(WebDriverFactory.java:173)
	at net.thucydides.core.webdriver.WebDriverFactory.newWebdriverInstance(WebDriverFactory.java:146)
	at net.thucydides.core.webdriver.WebDriverFacade.newDriverInstance(WebDriverFacade.java:190)
	... 92 more
Caused by: org.openqa.selenium.SessionNotCreatedException: Could not start a new session. Possible causes are invalid address of the remote server or browser start-up failure. 
Host info: host: 'mac.lan', ip: 'fd4c:c0c2:975:14f9:823:9fa1:3a01:2f32%en0'
Build info: version: '4.33.0', revision: '2c6aaad03a'
System info: os.name: 'Mac OS X', os.arch: 'aarch64', os.version: '26.2', java.version: '17.0.18'
Driver info: org.openqa.selenium.remote.RemoteWebDriver
Command: [null, newSession {capabilities=[Capabilities {appium:appActivity: com.android.calculator2.Cal..., appium:appPackage: com.google.android.calculator, appium:deviceName: Pixel 7, appium:platformVersion: 13, lt:options: {accessKey: LT_2bwpfzTHsNblyFBf50ALByr5..., build: Serenity Calculator Appium ..., isRealMobile: true, name: Prueba de Calculadora en An..., plugin: java-junit, user: czamoranomercantilbanco, w3c: true}, platformName: ANDROID}]}]
Capabilities {appium:appActivity: com.android.calculator2.Cal..., appium:appPackage: com.google.android.calculator, appium:deviceName: Pixel 7, appium:platformVersion: 13, lt:options: {accessKey: LT_2bwpfzTHsNblyFBf50ALByr5..., build: Serenity Calculator Appium ..., isRealMobile: true, name: Prueba de Calculadora en An..., plugin: java-junit, user: czamoranomercantilbanco, w3c: true}, platformName: ANDROID}
	at org.openqa.selenium.remote.RemoteWebDriver.execute(RemoteWebDriver.java:562)
	at org.openqa.selenium.remote.RemoteWebDriver.startSession(RemoteWebDriver.java:244)
	at org.openqa.selenium.remote.RemoteWebDriver.<init>(RemoteWebDriver.java:173)
	at org.openqa.selenium.remote.RemoteWebDriver.<init>(RemoteWebDriver.java:151)
	at net.serenitybdd.core.webdriver.driverproviders.RemoteDriverProvider.newInstance(RemoteDriverProvider.java:86)
	at net.thucydides.core.webdriver.WebDriverFactory.createWebDriver(WebDriverFactory.java:156)
	at net.thucydides.core.webdriver.WebDriverFactory.waitThenRetry(WebDriverFactory.java:193)
	... 100 more
Caused by: java.io.UncheckedIOException: java.io.IOException: WWW-Authenticate header missing for response code 401
	at org.openqa.selenium.remote.http.jdk.JdkHttpClient.execute0(JdkHttpClient.java:500)
	at org.openqa.selenium.remote.http.AddSeleniumUserAgent.lambda$apply$0(AddSeleniumUserAgent.java:42)
	at org.openqa.selenium.remote.http.Filter.lambda$andFinally$1(Filter.java:55)
	at org.openqa.selenium.remote.http.jdk.JdkHttpClient.lambda$executeAsync$2(JdkHttpClient.java:387)
	at java.base/java.util.concurrent.Executors$RunnableAdapter.call(Executors.java:539)
	at java.base/java.util.concurrent.FutureTask.run(FutureTask.java:264)
	at java.base/java.util.concurrent.ThreadPoolExecutor.runWorker(ThreadPoolExecutor.java:1136)
	at java.base/java.util.concurrent.ThreadPoolExecutor$Worker.run(ThreadPoolExecutor.java:635)
	at java.base/java.lang.Thread.run(Thread.java:840)
Caused by: java.io.IOException: WWW-Authenticate header missing for response code 401
	at java.net.http/jdk.internal.net.http.HttpClientImpl.send(HttpClientImpl.java:917)
	at java.net.http/jdk.internal.net.http.HttpClientFacade.send(HttpClientFacade.java:133)
	at org.openqa.selenium.remote.http.jdk.JdkHttpClient.execute0(JdkHttpClient.java:459)
	... 8 more
Caused by: java.io.IOException: WWW-Authenticate header missing for response code 401
	at java.net.http/jdk.internal.net.http.AuthenticationFilter.response(AuthenticationFilter.java:271)
	at java.net.http/jdk.internal.net.http.MultiExchange.responseFilters(MultiExchange.java:249)
	at java.net.http/jdk.internal.net.http.MultiExchange.lambda$responseAsyncImpl$6(MultiExchange.java:435)
	at java.base/java.util.concurrent.CompletableFuture$UniCompose.tryFire(CompletableFuture.java:1150)
	at java.base/java.util.concurrent.CompletableFuture.postComplete(CompletableFuture.java:510)
	at java.base/java.util.concurrent.CompletableFuture.postFire(CompletableFuture.java:614)
	at java.base/java.util.concurrent.CompletableFuture$UniApply.tryFire(CompletableFuture.java:653)
	at java.base/java.util.concurrent.CompletableFuture$Completion.run(CompletableFuture.java:482)
	at java.net.http/jdk.internal.net.http.HttpClientImpl$DelegatingExecutor.execute(HttpClientImpl.java:174)
	at java.base/java.util.concurrent.CompletableFuture$UniCompletion.claim(CompletableFuture.java:572)
	at java.base/java.util.concurrent.CompletableFuture$UniApply.tryFire(CompletableFuture.java:642)
	at java.base/java.util.concurrent.CompletableFuture.postComplete(CompletableFuture.java:510)
	at java.base/java.util.concurrent.CompletableFuture.complete(CompletableFuture.java:2147)
	at java.net.http/jdk.internal.net.http.Http1Response$HeadersReader.handle(Http1Response.java:594)
	at java.net.http/jdk.internal.net.http.Http1Response$HeadersReader.handle(Http1Response.java:520)
	at java.net.http/jdk.internal.net.http.Http1Response$Receiver.accept(Http1Response.java:511)
	at java.net.http/jdk.internal.net.http.Http1Response$HeadersReader.tryAsyncReceive(Http1Response.java:567)
	at java.net.http/jdk.internal.net.http.Http1AsyncReceiver.flush(Http1AsyncReceiver.java:233)
	at java.net.http/jdk.internal.net.http.common.SequentialScheduler$LockingRestartableTask.run(SequentialScheduler.java:205)
	at java.net.http/jdk.internal.net.http.common.SequentialScheduler$CompleteRestartableTask.run(SequentialScheduler.java:149)
	at java.net.http/jdk.internal.net.http.common.SequentialScheduler$SchedulableTask.run(SequentialScheduler.java:230)
	at java.net.http/jdk.internal.net.http.HttpClientImpl$DelegatingExecutor.execute(HttpClientImpl.java:174)
	at java.net.http/jdk.internal.net.http.common.SequentialScheduler.runOrSchedule(SequentialScheduler.java:305)
	at java.net.http/jdk.internal.net.http.common.SequentialScheduler.runOrSchedule(SequentialScheduler.java:274)
	at java.net.http/jdk.internal.net.http.Http1AsyncReceiver.asyncReceive(Http1AsyncReceiver.java:464)
	at java.net.http/jdk.internal.net.http.Http1AsyncReceiver$Http1TubeSubscriber.onNext(Http1AsyncReceiver.java:585)
	at java.net.http/jdk.internal.net.http.Http1AsyncReceiver$Http1TubeSubscriber.onNext(Http1AsyncReceiver.java:542)
	at java.net.http/jdk.internal.net.http.common.SSLTube$DelegateWrapper.onNext(SSLTube.java:210)
	at java.net.http/jdk.internal.net.http.common.SSLTube$SSLSubscriberWrapper.onNext(SSLTube.java:492)
	at java.net.http/jdk.internal.net.http.common.SSLTube$SSLSubscriberWrapper.onNext(SSLTube.java:295)
	at java.net.http/jdk.internal.net.http.common.SubscriberWrapper$DownstreamPusher.run1(SubscriberWrapper.java:316)
	at java.net.http/jdk.internal.net.http.common.SubscriberWrapper$DownstreamPusher.run(SubscriberWrapper.java:259)
	at java.net.http/jdk.internal.net.http.common.SequentialScheduler$LockingRestartableTask.run(SequentialScheduler.java:205)
	at java.net.http/jdk.internal.net.http.common.SequentialScheduler$CompleteRestartableTask.run(SequentialScheduler.java:149)
	at java.net.http/jdk.internal.net.http.common.SequentialScheduler$SchedulableTask.run(SequentialScheduler.java:230)
	at java.net.http/jdk.internal.net.http.common.SequentialScheduler.runOrSchedule(SequentialScheduler.java:303)
	at java.net.http/jdk.internal.net.http.common.SequentialScheduler.runOrSchedule(SequentialScheduler.java:256)
	at java.net.http/jdk.internal.net.http.common.SubscriberWrapper.outgoing(SubscriberWrapper.java:232)
	at java.net.http/jdk.internal.net.http.common.SubscriberWrapper.outgoing(SubscriberWrapper.java:198)
	at java.net.http/jdk.internal.net.http.common.SSLFlowDelegate$Reader.processData(SSLFlowDelegate.java:458)
	at java.net.http/jdk.internal.net.http.common.SSLFlowDelegate$Reader$ReaderDownstreamPusher.run(SSLFlowDelegate.java:282)
	at java.net.http/jdk.internal.net.http.common.SequentialScheduler$LockingRestartableTask.run(SequentialScheduler.java:205)
	at java.net.http/jdk.internal.net.http.common.SequentialScheduler$CompleteRestartableTask.run(SequentialScheduler.java:149)
	at java.net.http/jdk.internal.net.http.common.SequentialScheduler$SchedulableTask.run(SequentialScheduler.java:230)
	... 3 more
]]></system-err>
  </testcase>
</testsuite>