<?xml version="1.0" encoding="UTF-8" standalone="no"?><testsuite errors="1" failures="0" name="Operaciones matemáticas con la Calculadora" skipped="0" tests="1" time="64.71" timestamp="2026-02-23 10:58:40"><testcase name="Suma básica de dos números en la app nativa"><error message="After several attempts, could not instantiate new WebDriver instance of type class org.openqa.selenium.remote.RemoteWebDriver (Could not start a new session. Possible causes are invalid address of the remote server or browser start-up failure. &#10;Host info: host: 'mac.lan', ip: 'fd4c:c0c2:975:14f9:823:9fa1:3a01:2f32%en0'&#10;Build info: version: '4.33.0', revision: '2c6aaad03a'&#10;System info: os.name: 'Mac OS X', os.arch: 'aarch64', os.version: '26.2', java.version: '17.0.18'&#10;Driver info: org.openqa.selenium.remote.RemoteWebDriver&#10;Command: [null, newSession {capabilities=[Capabilities {appium:appActivity: com.android.calculator2.Cal..., appium:appPackage: com.google.android.calculator, appium:deviceName: Pixel 7, appium:platformVersion: 13, lt:options: {accessKey: LT_2bwpfzTHsNblyFBf50ALByr5..., build: Serenity Calculator Appium ..., isRealMobile: true, name: Prueba de Calculadora en An..., plugin: java-junit, user: czamoranomercantilbanco, w3c: true}, platformName: ANDROID}]}]&#10;Capabilities {appium:appActivity: com.android.calculator2.Cal..., appium:appPackage: com.google.android.calculator, appium:deviceName: Pixel 7, appium:platformVersion: 13, lt:options: {accessKey: LT_2bwpfzTHsNblyFBf50ALByr5..., build: Serenity Calculator Appium ..., isRealMobile: true, name: Prueba de Calculadora en An..., plugin: java-junit, user: czamoranomercantilbanco, w3c: true}, platformName: ANDROID}). See below for more details." type="net.thucydides.core.webdriver.DriverConfigurationError">After several attempts, could not instantiate new WebDriver instance of type class org.openqa.selenium.remote.RemoteWebDriver (Could not start a new session. Possible causes are invalid address of the remote server or browser start-up failure. 
Host info: host: 'mac.lan', ip: 'fd4c:c0c2:975:14f9:823:9fa1:3a01:2f32%en0'
Build info: version: '4.33.0', revision: '2c6aaad03a'
System info: os.name: 'Mac OS X', os.arch: 'aarch64', os.version: '26.2', java.version: '17.0.18'
Driver info: org.openqa.selenium.remote.RemoteWebDriver
Command: [null, newSession {capabilities=[Capabilities {appium:appActivity: com.android.calculator2.Cal..., appium:appPackage: com.google.android.calculator, appium:deviceName: Pixel 7, appium:platformVersion: 13, lt:options: {accessKey: LT_2bwpfzTHsNblyFBf50ALByr5..., build: Serenity Calculator Appium ..., isRealMobile: true, name: Prueba de Calculadora en An..., plugin: java-junit, user: czamoranomercantilbanco, w3c: true}, platformName: ANDROID}]}]
Capabilities {appium:appActivity: com.android.calculator2.Cal..., appium:appPackage: com.google.android.calculator, appium:deviceName: Pixel 7, appium:platformVersion: 13, lt:options: {accessKey: LT_2bwpfzTHsNblyFBf50ALByr5..., build: Serenity Calculator Appium ..., isRealMobile: true, name: Prueba de Calculadora en An..., plugin: java-junit, user: czamoranomercantilbanco, w3c: true}, platformName: ANDROID}). See below for more details.</error><system-err>After several attempts, could not instantiate new WebDriver instance of type class org.openqa.selenium.remote.RemoteWebDriver (Could not start a new session. Possible causes are invalid address of the remote server or browser start-up failure. 
Host info: host: 'mac.lan', ip: 'fd4c:c0c2:975:14f9:823:9fa1:3a01:2f32%en0'
Build info: version: '4.33.0', revision: '2c6aaad03a'
System info: os.name: 'Mac OS X', os.arch: 'aarch64', os.version: '26.2', java.version: '17.0.18'
Driver info: org.openqa.selenium.remote.RemoteWebDriver
Command: [null, newSession {capabilities=[Capabilities {appium:appActivity: com.android.calculator2.Cal..., appium:appPackage: com.google.android.calculator, appium:deviceName: Pixel 7, appium:platformVersion: 13, lt:options: {accessKey: LT_2bwpfzTHsNblyFBf50ALByr5..., build: Serenity Calculator Appium ..., isRealMobile: true, name: Prueba de Calculadora en An..., plugin: java-junit, user: czamoranomercantilbanco, w3c: true}, platformName: ANDROID}]}]
Capabilities {appium:appActivity: com.android.calculator2.Cal..., appium:appPackage: com.google.android.calculator, appium:deviceName: Pixel 7, appium:platformVersion: 13, lt:options: {accessKey: LT_2bwpfzTHsNblyFBf50ALByr5..., build: Serenity Calculator Appium ..., isRealMobile: true, name: Prueba de Calculadora en An..., plugin: java-junit, user: czamoranomercantilbanco, w3c: true}, platformName: ANDROID}). See below for more details.
com.proyecto.stepdefinitions.CalculatorStepDefinitions.ellaSumaMas(CalculatorStepDefinitions.java:53)
✽.ella suma "5" más "4"(classpath:features/calculator.feature:10)
</system-err></testcase></testsuite>